#Packing pin usage report
Type: io
	Input Pin Usage:
		Max: 1.00 (0.50)
		Avg: 0.37 (0.19)
		Min: 0.00 (0.00)
		Histogram:
		[        0:      0.2) 162 ( 62.8%) |***********************************************
		[      0.2:      0.4)   0 (  0.0%) |
		[      0.4:      0.6)   0 (  0.0%) |
		[      0.6:      0.8)   0 (  0.0%) |
		[      0.8:        1)  96 ( 37.2%) |****************************
		[        1:      1.2)   0 (  0.0%) |
		[      1.2:      1.4)   0 (  0.0%) |
		[      1.4:      1.6)   0 (  0.0%) |
		[      1.6:      1.8)   0 (  0.0%) |
		[      1.8:        2)   0 (  0.0%) |
	Output Pin Usage:
		Max: 1.00 (1.00)
		Avg: 0.63 (0.63)
		Min: 0.00 (0.00)
		Histogram:
		[        0:      0.1)  96 ( 37.2%) |****************************
		[      0.1:      0.2)   0 (  0.0%) |
		[      0.2:      0.3)   0 (  0.0%) |
		[      0.3:      0.4)   0 (  0.0%) |
		[      0.4:      0.5)   0 (  0.0%) |
		[      0.5:      0.6)   0 (  0.0%) |
		[      0.6:      0.7)   0 (  0.0%) |
		[      0.7:      0.8)   0 (  0.0%) |
		[      0.8:      0.9)   0 (  0.0%) |
		[      0.9:        1) 162 ( 62.8%) |***********************************************

Type: clb
	Input Pin Usage:
		Max: 41.00 (0.76)
		Avg: 26.31 (0.49)
		Min: 0.00 (0.00)
		Histogram:
		[        0:      5.4)  2 (  7.7%) |*********
		[      5.4:       11)  0 (  0.0%) |
		[       11:       16)  1 (  3.8%) |****
		[       16:       22)  2 (  7.7%) |*********
		[       22:       27) 11 ( 42.3%) |************************************************
		[       27:       32)  1 (  3.8%) |****
		[       32:       38)  5 ( 19.2%) |**********************
		[       38:       43)  4 ( 15.4%) |*****************
		[       43:       49)  0 (  0.0%) |
		[       49:       54)  0 (  0.0%) |
	Output Pin Usage:
		Max: 20.00 (0.95)
		Avg: 12.85 (0.61)
		Min: 1.00 (0.05)
		Histogram:
		[        0:      2.1) 2 (  7.7%) |**********
		[      2.1:      4.2) 0 (  0.0%) |
		[      4.2:      6.3) 1 (  3.8%) |*****
		[      6.3:      8.4) 3 ( 11.5%) |***************
		[      8.4:       10) 0 (  0.0%) |
		[       10:       13) 3 ( 11.5%) |***************
		[       13:       15) 10 ( 38.5%) |*************************************************
		[       15:       17) 1 (  3.8%) |*****
		[       17:       19) 1 (  3.8%) |*****
		[       19:       21) 5 ( 19.2%) |*************************

Type: mult_36
	Input Pin Usage:
		Max: 64.00 (0.89)
		Avg: 52.00 (0.72)
		Min: 34.00 (0.47)
		Histogram:
		[        0:      7.2) 0 (  0.0%) |
		[      7.2:       14) 0 (  0.0%) |
		[       14:       22) 0 (  0.0%) |
		[       22:       29) 0 (  0.0%) |
		[       29:       36) 2 ( 40.0%) |*********************************
		[       36:       43) 0 (  0.0%) |
		[       43:       50) 0 (  0.0%) |
		[       50:       58) 0 (  0.0%) |
		[       58:       65) 3 ( 60.0%) |*************************************************
		[       65:       72) 0 (  0.0%) |
	Output Pin Usage:
		Max: 32.00 (0.44)
		Avg: 32.00 (0.44)
		Min: 32.00 (0.44)
		Histogram:
		[        0:      7.2) 0 (  0.0%) |
		[      7.2:       14) 0 (  0.0%) |
		[       14:       22) 0 (  0.0%) |
		[       22:       29) 0 (  0.0%) |
		[       29:       36) 5 (100.0%) |*************************************************
		[       36:       43) 0 (  0.0%) |
		[       43:       50) 0 (  0.0%) |
		[       50:       58) 0 (  0.0%) |
		[       58:       65) 0 (  0.0%) |
		[       65:       72) 0 (  0.0%) |

